<?xml version="1.0" encoding="UTF-8"?>
<!-- Generated by org.testng.reporters.JUnitReportReporter -->
<testsuite hostname="DESKTOP-AAK60VV" failures="0" tests="1" name="ui.TestFiles" time="2.241" errors="0" timestamp="2023-06-05T18:11:40 IST" skipped="0">
  <testcase classname="ui.TestFiles" name="loginOpertaion" time="2.241"/>
  <system-out/>
</testsuite> <!-- ui.TestFiles -->
