<?xml version="1.0" encoding="UTF-8"?>
<!-- Generated by org.testng.reporters.JUnitReportReporter -->
<testsuite hostname="DESKTOP-AAK60VV" failures="0" tests="1" name="Reports.ReportForSecond" time="0.003" errors="0" timestamp="2023-06-02T20:25:47 IST" skipped="0">
  <testcase classname="Reports.ReportForSecond" name="testMethod1" time="0.003"/>
  <system-out/>
</testsuite> <!-- Reports.ReportForSecond -->
